#
# There is insufficient memory for the Java Runtime Environment to continue.
# Native memory allocation (mmap) failed to map 134217728 bytes for G1 virtual space
# Possible reasons:
#   The system is out of physical RAM or swap space
#   The process is running with CompressedOops enabled, and the Java Heap may be blocking the growth of the native heap
# Possible solutions:
#   Reduce memory load on the system
#   Increase physical memory or swap space
#   Check if swap backing store is full
#   Decrease Java heap size (-Xmx/-Xms)
#   Decrease number of Java threads
#   Decrease Java thread stack sizes (-Xss)
#   Set larger code cache with -XX:ReservedCodeCacheSize=
#   JVM is running with Unscaled Compressed Oops mode in which the Java heap is
#     placed in the first 4GB address space. The Java Heap base address is the
#     maximum limit for the native heap growth. Please use -XX:HeapBaseMinAddress
#     to set the Java Heap base and to place the Java Heap above 4GB virtual address.
# This output file may be truncated or incomplete.
#
#  Out of Memory Error (os_windows.cpp:3528), pid=39300, tid=39440
#
# JRE version:  (20.0.1+9) (build )
# Java VM: Java HotSpot(TM) 64-Bit Server VM (20.0.1+9-29, mixed mode, sharing, tiered, compressed oops, compressed class ptrs, g1 gc, windows-amd64)
# No core dump will be written. Minidumps are not enabled by default on client versions of Windows
#

---------------  S U M M A R Y ------------

Command Line: -Dfile.encoding=UTF-8 --module-path=D:\java\Chess\bin -XX:+ShowCodeDetailsInExceptionMessages -Djdk.module.main=Chess Chess/GUITest.Guihihi

Host: Intel(R) Core(TM) i5-8400 CPU @ 2.80GHz, 6 cores, 7G,  Windows 11 , 64 bit Build 22621 (10.0.22621.3958)
Time: Mon Oct  7 00:01:27 2024 West-Europa (zomertijd) elapsed time: 0.049140 seconds (0d 0h 0m 0s)

---------------  T H R E A D  ---------------

Current thread (0x0000029ebd21cd60):  JavaThread "Unknown thread" [_thread_in_vm, id=39440, stack(0x000000d493d00000,0x000000d493e00000)]

Stack: [0x000000d493d00000,0x000000d493e00000]
Native frames: (J=compiled Java code, j=interpreted, Vv=VM code, C=native code)
V  [jvm.dll+0x6bb95a]
V  [jvm.dll+0x8485fa]
V  [jvm.dll+0x84a1f5]
V  [jvm.dll+0x84a8f3]
V  [jvm.dll+0x280b0f]
V  [jvm.dll+0x6b86e9]
V  [jvm.dll+0x6ad2da]
V  [jvm.dll+0x35adf5]
V  [jvm.dll+0x363016]
V  [jvm.dll+0x3b3b3e]
V  [jvm.dll+0x3b3dc5]
V  [jvm.dll+0x32b50a]
V  [jvm.dll+0x32c32b]
V  [jvm.dll+0x8112bf]
V  [jvm.dll+0x3c0d91]
V  [jvm.dll+0x7fcfe3]
V  [jvm.dll+0x44c76f]
V  [jvm.dll+0x44e0e1]
C  [jli.dll+0x5287]
C  [ucrtbase.dll+0x29333]
C  [KERNEL32.DLL+0x1257d]
C  [ntdll.dll+0x5af28]


---------------  P R O C E S S  ---------------

Threads class SMR info:
_java_thread_list=0x00007ffa64b3a098, length=0, elements={
}

Java Threads: ( => current thread )

Other Threads:
  0x0000029ebd27eb50 WorkerThread "GC Thread#0" [stack: 0x000000d493e00000,0x000000d493f00000] [id=39436]
  0x0000029ebd2908d0 ConcurrentGCThread "G1 Main Marker" [stack: 0x000000d493f00000,0x000000d494000000] [id=39824]
  0x0000029ebd2919a0 WorkerThread "G1 Conc#0" [stack: 0x000000d494000000,0x000000d494100000] [id=39176]

[error occurred during error reporting (printing all threads), id 0xc0000005, EXCEPTION_ACCESS_VIOLATION (0xc0000005) at pc=0x00007ffa6431eb47]
VM state: not at safepoint (not fully initialized)

VM Mutex/Monitor currently owned by a thread:  ([mutex/lock_event])
[0x0000029ebd218890] Heap_lock - owner thread: 0x0000029ebd21cd60

Heap address: 0x0000000081200000, size: 2030 MB, Compressed Oops mode: 32-bit

CDS archive(s) mapped at: [0x0000000000000000-0x0000000000000000-0x0000000000000000), size 0, SharedBaseAddress: 0x0000000800000000, ArchiveRelocationMode: 0.
Narrow klass base: 0x0000000000000000, Narrow klass shift: 0, Narrow klass range: 0x0

GC Precious Log:
 CardTable entry size: 512
 Card Set container configuration: InlinePtr #cards 5 size 8 Array Of Cards #cards 12 size 40 Howl #buckets 4 coarsen threshold 1843 Howl Bitmap #cards 512 size 80 coarsen threshold 460 Card regions per heap region 1 cards per card region 2048

Heap:
 garbage-first heap   total 0K, used 0K [0x0000000081200000, 0x0000000100000000)
  region size 1024K, 0 young (0K), 0 survivors (0K)

[error occurred during error reporting (printing heap information), id 0xc0000005, EXCEPTION_ACCESS_VIOLATION (0xc0000005) at pc=0x00007ffa646f3c59]
GC Heap History (0 events):
No events

Dll operation events (1 events):
Event: 0.008 Loaded shared library D:\java\bin\java.dll

Deoptimization events (0 events):
No events

Classes loaded (0 events):
No events

Classes unloaded (0 events):
No events

Classes redefined (0 events):
No events

Internal exceptions (0 events):
No events

VM Operations (0 events):
No events

Events (0 events):
No events


Dynamic libraries:
0x00007ff6ac0c0000 - 0x00007ff6ac0d0000 	D:\java\bin\javaw.exe
0x00007ffb19250000 - 0x00007ffb19467000 	C:\WINDOWS\SYSTEM32\ntdll.dll
0x00007ffb17ab0000 - 0x00007ffb17b74000 	C:\WINDOWS\System32\KERNEL32.DLL
0x00007ffb16760000 - 0x00007ffb16b0d000 	C:\WINDOWS\System32\KERNELBASE.dll
0x00007ffb16c80000 - 0x00007ffb16d91000 	C:\WINDOWS\System32\ucrtbase.dll
0x00007ffaafd20000 - 0x00007ffaafd39000 	D:\java\bin\jli.dll
0x00007ffaadd30000 - 0x00007ffaadd4b000 	D:\java\bin\VCRUNTIME140.dll
0x00007ffb190d0000 - 0x00007ffb19182000 	C:\WINDOWS\System32\ADVAPI32.dll
0x00007ffb17140000 - 0x00007ffb171e7000 	C:\WINDOWS\System32\msvcrt.dll
0x00007ffb17310000 - 0x00007ffb173b9000 	C:\WINDOWS\System32\sechost.dll
0x00007ffb16570000 - 0x00007ffb16598000 	C:\WINDOWS\System32\bcrypt.dll
0x00007ffb181c0000 - 0x00007ffb182d4000 	C:\WINDOWS\System32\RPCRT4.dll
0x00007ffb182e0000 - 0x00007ffb1848e000 	C:\WINDOWS\System32\USER32.dll
0x00007ffb16ed0000 - 0x00007ffb16ef6000 	C:\WINDOWS\System32\win32u.dll
0x00007ffafe750000 - 0x00007ffafe9e3000 	C:\WINDOWS\WinSxS\amd64_microsoft.windows.common-controls_6595b64144ccf1df_6.0.22621.3672_none_2713b9d173822955\COMCTL32.dll
0x00007ffb17cf0000 - 0x00007ffb17d19000 	C:\WINDOWS\System32\GDI32.dll
0x00007ffb16640000 - 0x00007ffb16759000 	C:\WINDOWS\System32\gdi32full.dll
0x00007ffb165a0000 - 0x00007ffb1663a000 	C:\WINDOWS\System32\msvcp_win.dll
0x00007ffb10de0000 - 0x00007ffb10dea000 	C:\WINDOWS\SYSTEM32\VERSION.dll
0x00007ffb19090000 - 0x00007ffb190c1000 	C:\WINDOWS\System32\IMM32.DLL
0x00007ffaf1ea0000 - 0x00007ffaf1eac000 	D:\java\bin\vcruntime140_1.dll
0x00007ffa979c0000 - 0x00007ffa97a4e000 	D:\java\bin\msvcp140.dll
0x00007ffa63fe0000 - 0x00007ffa64c77000 	D:\java\bin\server\jvm.dll
0x00007ffafb1a0000 - 0x00007ffafb1a9000 	C:\WINDOWS\SYSTEM32\WSOCK32.dll
0x00007ffb052c0000 - 0x00007ffb052f4000 	C:\WINDOWS\SYSTEM32\WINMM.dll
0x00007ffb18640000 - 0x00007ffb186b1000 	C:\WINDOWS\System32\WS2_32.dll
0x00007ffb155c0000 - 0x00007ffb155d8000 	C:\WINDOWS\SYSTEM32\kernel.appcore.dll
0x00007ffaf1350000 - 0x00007ffaf135a000 	D:\java\bin\jimage.dll
0x00007ffb0b6a0000 - 0x00007ffb0b8d2000 	C:\WINDOWS\SYSTEM32\DBGHELP.DLL
0x00007ffb17e30000 - 0x00007ffb181be000 	C:\WINDOWS\System32\combase.dll
0x00007ffb173c0000 - 0x00007ffb17497000 	C:\WINDOWS\System32\OLEAUT32.dll
0x00007ffafb580000 - 0x00007ffafb5b2000 	C:\WINDOWS\SYSTEM32\dbgcore.DLL
0x00007ffb16f00000 - 0x00007ffb16f7b000 	C:\WINDOWS\System32\bcryptPrimitives.dll
0x00007ffaac5e0000 - 0x00007ffaac606000 	D:\java\bin\java.dll

dbghelp: loaded successfully - version: 4.0.5 - missing functions: none
symbol engine: initialized successfully - sym options: 0x614 - pdb path: .;D:\java\bin;C:\WINDOWS\SYSTEM32;C:\WINDOWS\WinSxS\amd64_microsoft.windows.common-controls_6595b64144ccf1df_6.0.22621.3672_none_2713b9d173822955;D:\java\bin\server

VM Arguments:
jvm_args: -Dfile.encoding=UTF-8 --module-path=D:\java\Chess\bin -XX:+ShowCodeDetailsInExceptionMessages -Djdk.module.main=Chess 
java_command: Chess/GUITest.Guihihi
java_class_path (initial): <not set>
Launcher Type: SUN_STANDARD

[Global flags]
     intx CICompilerCount                          = 3                                         {product} {ergonomic}
     uint ConcGCThreads                            = 2                                         {product} {ergonomic}
     uint G1ConcRefinementThreads                  = 6                                         {product} {ergonomic}
   size_t G1HeapRegionSize                         = 1048576                                   {product} {ergonomic}
    uintx GCDrainStackTargetSize                   = 64                                        {product} {ergonomic}
   size_t InitialHeapSize                          = 134217728                                 {product} {ergonomic}
   size_t MarkStackSize                            = 4194304                                   {product} {ergonomic}
   size_t MaxHeapSize                              = 2128609280                                {product} {ergonomic}
   size_t MinHeapDeltaBytes                        = 1048576                                   {product} {ergonomic}
   size_t MinHeapSize                              = 8388608                                   {product} {ergonomic}
    uintx NonNMethodCodeHeapSize                   = 5832780                                {pd product} {ergonomic}
    uintx NonProfiledCodeHeapSize                  = 122912730                              {pd product} {ergonomic}
    uintx ProfiledCodeHeapSize                     = 122912730                              {pd product} {ergonomic}
    uintx ReservedCodeCacheSize                    = 251658240                              {pd product} {ergonomic}
     bool SegmentedCodeCache                       = true                                      {product} {ergonomic}
     bool ShowCodeDetailsInExceptionMessages       = true                                   {manageable} {command line}
   size_t SoftMaxHeapSize                          = 2128609280                             {manageable} {ergonomic}
     bool UseCompressedClassPointers               = true                           {product lp64_product} {ergonomic}
     bool UseCompressedOops                        = true                           {product lp64_product} {ergonomic}
     bool UseG1GC                                  = true                                      {product} {ergonomic}
     bool UseLargePagesIndividualAllocation        = false                                  {pd product} {ergonomic}

Logging:
Log output configuration:
 #0: stdout all=warning uptime,level,tags foldmultilines=false
 #1: stderr all=off uptime,level,tags foldmultilines=false

Environment Variables:
PATH=C:\Program Files\Common Files\Oracle\Java\javapath;C:\Program Files (x86)\Intel\Intel(R) Management Engine Components\iCLS\;C:\Program Files\Intel\Intel(R) Management Engine Components\iCLS\;C:\Windows\system32;C:\Windows;C:\Windows\System32\Wbem;C:\Windows\System32\WindowsPowerShell\v1.0\;C:\Program Files\Intel\WiFi\bin\;C:\Program Files\Common Files\Intel\WirelessCommon\;C:\Program Files (x86)\NVIDIA Corporation\PhysX\Common;C:\Program Files (x86)\Intel\Intel(R) Management Engine Components\DAL;C:\Program Files\Intel\Intel(R) Management Engine Components\DAL;C:\Program Files (x86)\Intel\Intel(R) Management Engine Components\IPT;C:\Program Files\Intel\Intel(R) Management Engine Components\IPT;C:\WINDOWS\system32;C:\WINDOWS;C:\WINDOWS\System32\Wbem;C:\WINDOWS\System32\WindowsPowerShell\v1.0\;C:\WINDOWS\System32\OpenSSH\;C:\Program Files\dotnet\;C:\WINDOWS\system32;C:\WINDOWS;C:\WINDOWS\System32\Wbem;C:\WINDOWS\System32\WindowsPowerShell\v1.0\;C:\WINDOWS\System32\OpenSSH\;C:\Program Files\NVIDIA Corporation\NVIDIA NvDLISR;C:\Users\Thijs\AppData\Local\Microsoft\WindowsApps;C:\Users\Thijs\.dotnet\tools;C:\Users\Thijs\AppData\Local\Microsoft\WindowsApps
USERNAME=Thijs
OS=Windows_NT
PROCESSOR_IDENTIFIER=Intel64 Family 6 Model 158 Stepping 10, GenuineIntel
TMP=C:\Users\Thijs\AppData\Local\Temp
TEMP=C:\Users\Thijs\AppData\Local\Temp




---------------  S Y S T E M  ---------------

OS:
 Windows 11 , 64 bit Build 22621 (10.0.22621.3958)
OS uptime: 11 days 2:34 hours

CPU: total 6 (initial active 6) (6 cores per cpu, 1 threads per core) family 6 model 158 stepping 10 microcode 0xde, cx8, cmov, fxsr, mmx, 3dnowpref, sse, sse2, sse3, ssse3, sse4.1, sse4.2, popcnt, lzcnt, tsc, tscinvbit, avx, avx2, aes, erms, clmul, bmi1, bmi2, adx, fma, vzeroupper, clflush, clflushopt, rdtscp, f16c

Memory: 4k page, system-wide physical 8114M (766M free)
TotalPageFile size 32690M (AvailPageFile size 27M)
current process WorkingSet (physical memory assigned to process): 11M, peak: 11M
current process commit charge ("private bytes"): 56M, peak: 184M

vm_info: Java HotSpot(TM) 64-Bit Server VM (20.0.1+9-29) for windows-amd64 JRE (20.0.1+9-29), built on 2023-03-07T13:56:11Z by "mach5one" with MS VC++ 17.1 (VS2022)

END.
